2019-03-23 19:28:40.622 [info] <0.43.0> Application lager started on node nonode@nohost
2019-03-23 19:28:40.643 [info] <0.43.0> Application xmerl started on node nonode@nohost
2019-03-23 19:28:40.657 [info] <0.43.0> Application jsx started on node nonode@nohost
2019-03-23 19:28:40.708 [info] <0.43.0> Application ranch started on node nonode@nohost
2019-03-23 19:28:40.719 [info] <0.43.0> Application recon started on node nonode@nohost
2019-03-23 19:28:40.719 [info] <0.43.0> Application rabbit_common started on node nonode@nohost
2019-03-23 19:28:40.743 [info] <0.43.0> Application amqp_client started on node nonode@nohost
2019-03-23 19:28:40.743 [info] <0.43.0> Application amqp started on node nonode@nohost
2019-03-23 19:28:40.764 [info] <0.43.0> Application connection started on node nonode@nohost
2019-03-23 19:28:40.818 [info] <0.43.0> Application db_connection started on node nonode@nohost
2019-03-23 19:28:40.824 [info] <0.43.0> Application decimal started on node nonode@nohost
2019-03-23 19:28:40.868 [info] <0.43.0> Application postgrex started on node nonode@nohost
2019-03-23 19:28:40.912 [info] <0.43.0> Application telemetry started on node nonode@nohost
2019-03-23 19:28:40.928 [info] <0.43.0> Application ecto started on node nonode@nohost
2019-03-23 19:28:40.938 [info] <0.43.0> Application ecto_sql started on node nonode@nohost
2019-03-23 19:28:40.943 [info] <0.43.0> Application optium started on node nonode@nohost
2019-03-23 19:28:40.954 [info] <0.43.0> Application phoenix_html started on node nonode@nohost
2019-03-23 19:28:40.990 [info] <0.43.0> Application cowlib started on node nonode@nohost
2019-03-23 19:28:41.011 [info] <0.43.0> Application cowboy started on node nonode@nohost
2019-03-23 19:28:41.015 [info] <0.43.0> Application plug_cowboy started on node nonode@nohost
2019-03-23 19:28:41.022 [info] <0.43.0> Application file_system started on node nonode@nohost
2019-03-23 19:28:41.059 [info] <0.43.0> Application phoenix_live_reload started on node nonode@nohost
2019-03-23 19:28:41.072 [info] <0.43.0> Application phoenix_ecto started on node nonode@nohost
2019-03-23 19:28:42.001 [warning] <0.918.0> lager_error_logger_h dropped 127 messages in the last second that exceeded the limit of 50 messages/sec
2019-03-23 19:28:42.317 [error] <0.1140.0>@Elixir.SmartPetFeederApp.RabbitMQ:connection_setup:373 CRASH REPORT Process <0.1140.0> with 0 neighbours crashed with reason: no match of right hand value {error,unknown_host} in 'Elixir.SmartPetFeederApp.RabbitMQ':connection_setup/0 line 373
2019-03-23 19:28:42.318 [error] <0.1002.0>@Elixir.SmartPetFeederApp.RabbitMQ:connection_setup:373 Supervisor 'Elixir.SmartPetFeederApp.Supervisor' had child 'Elixir.SmartPetFeederApp.RabbitMQ' started with 'Elixir.SmartPetFeederApp.RabbitMQ':start_link([]) at undefined exit with reason no match of right hand value {error,unknown_host} in 'Elixir.SmartPetFeederApp.RabbitMQ':connection_setup/0 line 373 in context start_error
2019-03-23 19:28:42.323 [error] <0.1000.0> CRASH REPORT Process <0.1000.0> with 0 neighbours exited with reason: {{shutdown,{failed_to_start_child,'Elixir.SmartPetFeederApp.RabbitMQ',{{badmatch,{error,unknown_host}},[{'Elixir.SmartPetFeederApp.RabbitMQ',connection_setup,0,[{file,"lib/smart_pet_feeder_app/communication/rabbitmq.ex"},{line,373}]},{'Elixir.SmartPetFeederApp.RabbitMQ',init,1,[{file,"lib/smart_pet_feeder_app/communication/rabbitmq.ex"},{line,187}]},{gen_server,init_it,2,[{file,"gen_server.erl"},{line,374}]},{gen_server,init_it,6,[{file,"gen_server.erl"},{line,342}]},{proc_lib,init_p_do_apply,...}]}}},...} in application_master:init/4 line 138
2019-03-23 19:32:42.013 [info] <0.43.0> Application lager started on node nonode@nohost
2019-03-23 19:32:42.028 [info] <0.43.0> Application xmerl started on node nonode@nohost
2019-03-23 19:32:42.039 [info] <0.43.0> Application jsx started on node nonode@nohost
2019-03-23 19:32:42.065 [info] <0.43.0> Application ranch started on node nonode@nohost
2019-03-23 19:32:42.072 [info] <0.43.0> Application recon started on node nonode@nohost
2019-03-23 19:32:42.072 [info] <0.43.0> Application rabbit_common started on node nonode@nohost
2019-03-23 19:32:42.105 [info] <0.43.0> Application amqp_client started on node nonode@nohost
2019-03-23 19:32:42.108 [info] <0.43.0> Application amqp started on node nonode@nohost
2019-03-23 19:32:42.130 [info] <0.43.0> Application connection started on node nonode@nohost
2019-03-23 19:32:42.166 [info] <0.43.0> Application db_connection started on node nonode@nohost
2019-03-23 19:32:42.183 [info] <0.43.0> Application decimal started on node nonode@nohost
2019-03-23 19:32:42.213 [info] <0.43.0> Application postgrex started on node nonode@nohost
2019-03-23 19:32:42.234 [info] <0.43.0> Application telemetry started on node nonode@nohost
2019-03-23 19:32:42.246 [info] <0.43.0> Application ecto started on node nonode@nohost
2019-03-23 19:32:42.254 [info] <0.43.0> Application ecto_sql started on node nonode@nohost
2019-03-23 19:32:42.256 [info] <0.43.0> Application optium started on node nonode@nohost
2019-03-23 19:32:42.261 [info] <0.43.0> Application phoenix_html started on node nonode@nohost
2019-03-23 19:32:42.270 [info] <0.43.0> Application cowlib started on node nonode@nohost
2019-03-23 19:32:42.283 [info] <0.43.0> Application cowboy started on node nonode@nohost
2019-03-23 19:32:42.288 [info] <0.43.0> Application plug_cowboy started on node nonode@nohost
2019-03-23 19:32:42.299 [info] <0.43.0> Application file_system started on node nonode@nohost
2019-03-23 19:32:42.356 [info] <0.43.0> Application phoenix_live_reload started on node nonode@nohost
2019-03-23 19:32:42.364 [info] <0.43.0> Application phoenix_ecto started on node nonode@nohost
2019-03-23 19:32:43.090 [warning] <0.473.0> lager_error_logger_h dropped 127 messages in the last second that exceeded the limit of 50 messages/sec
2019-03-23 19:32:43.898 [info] <0.43.0> Application smart_pet_feeder_app started on node nonode@nohost
2019-03-23 21:24:33.330 [info] <0.43.0> Application lager started on node nonode@nohost
2019-03-23 21:24:33.349 [info] <0.43.0> Application xmerl started on node nonode@nohost
2019-03-23 21:24:33.375 [info] <0.43.0> Application jsx started on node nonode@nohost
2019-03-23 21:24:33.441 [info] <0.43.0> Application ranch started on node nonode@nohost
2019-03-23 21:24:33.447 [info] <0.43.0> Application recon started on node nonode@nohost
2019-03-23 21:24:33.448 [info] <0.43.0> Application rabbit_common started on node nonode@nohost
2019-03-23 21:24:33.477 [info] <0.43.0> Application amqp_client started on node nonode@nohost
2019-03-23 21:24:33.478 [info] <0.43.0> Application amqp started on node nonode@nohost
2019-03-23 21:24:33.505 [info] <0.43.0> Application connection started on node nonode@nohost
2019-03-23 21:24:33.574 [info] <0.43.0> Application db_connection started on node nonode@nohost
2019-03-23 21:24:33.589 [info] <0.43.0> Application decimal started on node nonode@nohost
2019-03-23 21:24:33.669 [info] <0.43.0> Application postgrex started on node nonode@nohost
2019-03-23 21:24:33.735 [info] <0.43.0> Application telemetry started on node nonode@nohost
2019-03-23 21:24:33.765 [info] <0.43.0> Application ecto started on node nonode@nohost
2019-03-23 21:24:33.791 [info] <0.43.0> Application ecto_sql started on node nonode@nohost
2019-03-23 21:24:33.800 [info] <0.43.0> Application optium started on node nonode@nohost
2019-03-23 21:24:33.807 [info] <0.43.0> Application phoenix_html started on node nonode@nohost
2019-03-23 21:24:33.822 [info] <0.43.0> Application cowlib started on node nonode@nohost
2019-03-23 21:24:33.842 [info] <0.43.0> Application cowboy started on node nonode@nohost
2019-03-23 21:24:33.848 [info] <0.43.0> Application plug_cowboy started on node nonode@nohost
2019-03-23 21:24:33.866 [info] <0.43.0> Application file_system started on node nonode@nohost
2019-03-23 21:24:33.937 [info] <0.43.0> Application phoenix_live_reload started on node nonode@nohost
2019-03-23 21:24:33.960 [info] <0.43.0> Application phoenix_ecto started on node nonode@nohost
2019-03-23 21:24:35.007 [warning] <0.468.0> lager_error_logger_h dropped 128 messages in the last second that exceeded the limit of 50 messages/sec
2019-03-23 21:29:41.457 [info] <0.43.0> Application lager started on node nonode@nohost
2019-03-23 21:29:41.481 [info] <0.43.0> Application xmerl started on node nonode@nohost
2019-03-23 21:29:41.490 [info] <0.43.0> Application jsx started on node nonode@nohost
2019-03-23 21:29:41.511 [info] <0.43.0> Application ranch started on node nonode@nohost
2019-03-23 21:29:41.521 [info] <0.43.0> Application recon started on node nonode@nohost
2019-03-23 21:29:41.521 [info] <0.43.0> Application rabbit_common started on node nonode@nohost
2019-03-23 21:29:41.550 [info] <0.43.0> Application amqp_client started on node nonode@nohost
2019-03-23 21:29:41.552 [info] <0.43.0> Application amqp started on node nonode@nohost
2019-03-23 21:29:41.582 [info] <0.43.0> Application connection started on node nonode@nohost
2019-03-23 21:29:41.632 [info] <0.43.0> Application db_connection started on node nonode@nohost
2019-03-23 21:29:41.637 [info] <0.43.0> Application decimal started on node nonode@nohost
2019-03-23 21:29:41.674 [info] <0.43.0> Application postgrex started on node nonode@nohost
2019-03-23 21:29:41.706 [info] <0.43.0> Application telemetry started on node nonode@nohost
2019-03-23 21:29:41.728 [info] <0.43.0> Application ecto started on node nonode@nohost
2019-03-23 21:29:41.734 [info] <0.43.0> Application ecto_sql started on node nonode@nohost
2019-03-23 21:29:41.737 [info] <0.43.0> Application optium started on node nonode@nohost
2019-03-23 21:29:41.739 [info] <0.43.0> Application phoenix_html started on node nonode@nohost
2019-03-23 21:29:41.747 [info] <0.43.0> Application cowlib started on node nonode@nohost
2019-03-23 21:29:41.766 [info] <0.43.0> Application cowboy started on node nonode@nohost
2019-03-23 21:29:41.775 [info] <0.43.0> Application plug_cowboy started on node nonode@nohost
2019-03-23 21:29:41.807 [info] <0.43.0> Application file_system started on node nonode@nohost
2019-03-23 21:29:41.873 [info] <0.43.0> Application phoenix_live_reload started on node nonode@nohost
2019-03-23 21:29:41.884 [info] <0.43.0> Application phoenix_ecto started on node nonode@nohost
2019-03-23 21:29:43.002 [warning] <0.300.0> lager_error_logger_h dropped 128 messages in the last second that exceeded the limit of 50 messages/sec
2019-03-23 21:39:56.114 [info] <0.43.0> Application lager started on node nonode@nohost
2019-03-23 21:39:56.131 [info] <0.43.0> Application xmerl started on node nonode@nohost
2019-03-23 21:39:56.144 [info] <0.43.0> Application jsx started on node nonode@nohost
2019-03-23 21:39:56.173 [info] <0.43.0> Application ranch started on node nonode@nohost
2019-03-23 21:39:56.180 [info] <0.43.0> Application recon started on node nonode@nohost
2019-03-23 21:39:56.180 [info] <0.43.0> Application rabbit_common started on node nonode@nohost
2019-03-23 21:39:56.202 [info] <0.43.0> Application amqp_client started on node nonode@nohost
2019-03-23 21:39:56.202 [info] <0.43.0> Application amqp started on node nonode@nohost
2019-03-23 21:39:56.221 [info] <0.43.0> Application connection started on node nonode@nohost
2019-03-23 21:39:56.250 [info] <0.43.0> Application db_connection started on node nonode@nohost
2019-03-23 21:39:56.256 [info] <0.43.0> Application decimal started on node nonode@nohost
2019-03-23 21:39:56.288 [info] <0.43.0> Application postgrex started on node nonode@nohost
2019-03-23 21:39:56.311 [info] <0.43.0> Application telemetry started on node nonode@nohost
2019-03-23 21:39:56.323 [info] <0.43.0> Application ecto started on node nonode@nohost
2019-03-23 21:39:56.328 [info] <0.43.0> Application ecto_sql started on node nonode@nohost
2019-03-23 21:39:56.331 [info] <0.43.0> Application optium started on node nonode@nohost
2019-03-23 21:39:56.333 [info] <0.43.0> Application phoenix_html started on node nonode@nohost
2019-03-23 21:39:56.361 [info] <0.43.0> Application cowlib started on node nonode@nohost
2019-03-23 21:39:56.382 [info] <0.43.0> Application cowboy started on node nonode@nohost
2019-03-23 21:39:56.388 [info] <0.43.0> Application plug_cowboy started on node nonode@nohost
2019-03-23 21:39:56.395 [info] <0.43.0> Application file_system started on node nonode@nohost
2019-03-23 21:39:56.425 [info] <0.43.0> Application phoenix_live_reload started on node nonode@nohost
2019-03-23 21:39:56.435 [info] <0.43.0> Application phoenix_ecto started on node nonode@nohost
2019-03-23 21:39:57.003 [warning] <0.300.0> lager_error_logger_h dropped 128 messages in the last second that exceeded the limit of 50 messages/sec
