2019-03-23 19:28:42 =CRASH REPORT====
  crasher:
    initial call: Elixir.SmartPetFeederApp.RabbitMQ:init/1
    pid: <0.1140.0>
    registered_name: []
    exception error: {{badmatch,{error,unknown_host}},[{'Elixir.SmartPetFeederApp.RabbitMQ',connection_setup,0,[{file,"lib/smart_pet_feeder_app/communication/rabbitmq.ex"},{line,373}]},{'Elixir.SmartPetFeederApp.RabbitMQ',init,1,[{file,"lib/smart_pet_feeder_app/communication/rabbitmq.ex"},{line,187}]},{gen_server,init_it,2,[{file,"gen_server.erl"},{line,374}]},{gen_server,init_it,6,[{file,"gen_server.erl"},{line,342}]},{proc_lib,init_p_do_apply,3,[{file,"proc_lib.erl"},{line,249}]}]}
    ancestors: ['Elixir.SmartPetFeederApp.Supervisor',<0.1001.0>]
    message_queue_len: 0
    messages: []
    links: [<0.1002.0>]
    dictionary: [{gen_server_call_timeout,60000}]
    trap_exit: false
    status: running
    heap_size: 1598
    stack_size: 27
    reductions: 46691
  neighbours:
2019-03-23 19:28:42 =SUPERVISOR REPORT====
     Supervisor: {local,'Elixir.SmartPetFeederApp.Supervisor'}
     Context:    start_error
     Reason:     {{badmatch,{error,unknown_host}},[{'Elixir.SmartPetFeederApp.RabbitMQ',connection_setup,0,[{file,"lib/smart_pet_feeder_app/communication/rabbitmq.ex"},{line,373}]},{'Elixir.SmartPetFeederApp.RabbitMQ',init,1,[{file,"lib/smart_pet_feeder_app/communication/rabbitmq.ex"},{line,187}]},{gen_server,init_it,2,[{file,"gen_server.erl"},{line,374}]},{gen_server,init_it,6,[{file,"gen_server.erl"},{line,342}]},{proc_lib,init_p_do_apply,3,[{file,"proc_lib.erl"},{line,249}]}]}
     Offender:   [{pid,undefined},{id,'Elixir.SmartPetFeederApp.RabbitMQ'},{mfargs,{'Elixir.SmartPetFeederApp.RabbitMQ',start_link,[[]]}},{restart_type,permanent},{shutdown,5000},{child_type,worker}]

2019-03-23 19:28:42 =CRASH REPORT====
  crasher:
    initial call: application_master:init/4
    pid: <0.1000.0>
    registered_name: []
    exception exit: {{{shutdown,{failed_to_start_child,'Elixir.SmartPetFeederApp.RabbitMQ',{{badmatch,{error,unknown_host}},[{'Elixir.SmartPetFeederApp.RabbitMQ',connection_setup,0,[{file,"lib/smart_pet_feeder_app/communication/rabbitmq.ex"},{line,373}]},{'Elixir.SmartPetFeederApp.RabbitMQ',init,1,[{file,"lib/smart_pet_feeder_app/communication/rabbitmq.ex"},{line,187}]},{gen_server,init_it,2,[{file,"gen_server.erl"},{line,374}]},{gen_server,init_it,6,[{file,"gen_server.erl"},{line,342}]},{proc_lib,init_p_do_apply,3,[{file,"proc_lib.erl"},{line,249}]}]}}},{'Elixir.SmartPetFeederApp.Application',start,[normal,[]]}},[{application_master,init,4,[{file,"application_master.erl"},{line,138}]},{proc_lib,init_p_do_apply,3,[{file,"proc_lib.erl"},{line,249}]}]}
    ancestors: [<0.999.0>]
    message_queue_len: 1
    messages: [{'EXIT',<0.1001.0>,normal}]
    links: [<0.999.0>,<0.43.0>]
    dictionary: []
    trap_exit: true
    status: running
    heap_size: 610
    stack_size: 27
    reductions: 233
  neighbours:
